2024-11-17 20:49:07,917 - INFO - Window initialization started
2024-11-17 20:49:18,927 - INFO - Starting audio processing for: D:/github/UwuBis/audio/krzys_audio\TAYLOR__Mechanika.wav
2024-11-17 20:49:18,927 - INFO - Starting audio processing for: D:/github/UwuBis/audio/krzys_audio\TAYLOR__Mechanika.wav
2024-11-17 20:49:18,931 - INFO - Audio file loaded: 1151488 samples, 44100Hz
2024-11-17 20:49:18,931 - INFO - Processing audio file...
2024-11-17 20:50:34,116 - INFO - Segment 1: ['piêknym', 'Przyk³adem', 'zastosowania', 'zasady', 'zachowania']
2024-11-17 20:50:34,116 - INFO - Segment 2: ['pêdu', 'jest', 'napêd', 'rakietowy', 'napêd']
2024-11-17 20:50:34,116 - INFO - Segment 3: ['taki', 'jest', 'rozwi¹zaniem', 'podstawowego', 'problemu']
2024-11-17 20:50:34,117 - INFO - Segment 4: ['jak', 'wprawiæ', 'Cia³o', 'w', 'ruch']
2024-11-17 20:50:34,117 - INFO - Segment 5: ['Jeœli', 'nie', 'ma', '¿adnego', 'zewnêtrznego']
2024-11-17 20:50:34,117 - INFO - Segment 6: ['elementu', 'od', 'którego', 'mog³oby', 'siê']
2024-11-17 20:50:34,117 - INFO - Segment 7: ['ono', 'odepchn¹æ', 'lub', 'który', 'móg³by']
2024-11-17 20:50:34,117 - INFO - Segment 8: ['cia³o', 'popchn¹æ', 'aby', 'lepiej', 'zrozumieæ']
2024-11-17 20:50:34,117 - INFO - Segment 9: ['tê', 'sytuacjê', 'czytelnik', 'powinien', 'sobie']
2024-11-17 20:50:34,117 - INFO - Segment 10: ['wyobraziæ', '¿e', 'stoi', 'na', 'œrodku']
2024-11-17 20:50:34,117 - INFO - Segment 11: ['idealnie', 'œliskiej', 'tafli', 'zamarzniêtego', 'jeziora']
2024-11-17 20:50:34,117 - INFO - Utworzono 11 segmentów po 5 s³ów
2024-11-17 20:50:34,118 - ERROR - B³¹d podczas ³adowania pliku audio: Object of type ndarray is not JSON serializable
2024-11-17 20:50:34,118 - ERROR - Audio processing failed in AUDIOLIB
2024-11-17 20:50:34,118 - ERROR - Unexpected error during audio processing: Failed to process audio file. Check file format and content.
2024-11-17 20:50:34,118 - ERROR - Unexpected error during audio processing: Failed to process audio file. Check file format and content.
2024-11-17 20:53:50,394 - INFO - Window initialization started
2024-11-17 20:54:00,873 - INFO - Starting audio processing for: D:/github/UwuBis/audio/krzys_audio\TAYLOR__Mechanika.wav
2024-11-17 20:54:00,873 - INFO - Starting audio processing for: D:/github/UwuBis/audio/krzys_audio\TAYLOR__Mechanika.wav
2024-11-17 20:54:00,877 - INFO - Audio file loaded: 1151488 samples, 44100Hz
2024-11-17 20:54:00,877 - INFO - Processing audio file...
2024-11-17 20:54:53,573 - INFO - Segment 1: ['piêknym', 'Przyk³adem', 'zastosowania', 'zasady', 'zachowania']
2024-11-17 20:54:53,574 - INFO - Segment 2: ['pêdu', 'jest', 'napêd', 'rakietowy', 'napêd']
2024-11-17 20:54:53,574 - INFO - Segment 3: ['taki', 'jest', 'rozwi¹zaniem', 'podstawowego', 'problemu']
2024-11-17 20:54:53,574 - INFO - Segment 4: ['jak', 'wprawiæ', 'Cia³o', 'w', 'ruch']
2024-11-17 20:54:53,574 - INFO - Segment 5: ['Jeœli', 'nie', 'ma', '¿adnego', 'zewnêtrznego']
2024-11-17 20:54:53,574 - INFO - Segment 6: ['elementu', 'od', 'którego', 'mog³oby', 'siê']
2024-11-17 20:54:53,574 - INFO - Segment 7: ['ono', 'odepchn¹æ', 'lub', 'który', 'móg³by']
2024-11-17 20:54:53,574 - INFO - Segment 8: ['cia³o', 'popchn¹æ', 'aby', 'lepiej', 'zrozumieæ']
2024-11-17 20:54:53,574 - INFO - Segment 9: ['tê', 'sytuacjê', 'czytelnik', 'powinien', 'sobie']
2024-11-17 20:54:53,574 - INFO - Segment 10: ['wyobraziæ', '¿e', 'stoi', 'na', 'œrodku']
2024-11-17 20:54:53,574 - INFO - Segment 11: ['idealnie', 'œliskiej', 'tafli', 'zamarzniêtego', 'jeziora']
2024-11-17 20:54:53,574 - INFO - Utworzono 11 segmentów po 5 s³ów
2024-11-17 20:54:55,864 - INFO - Segment data saved successfully to segment_data.json
2024-11-17 20:54:58,230 - INFO - Segment data saved successfully to segment_data.json
2024-11-17 20:54:58,243 - INFO - Successfully processed audio file. Found 11 segments
2024-11-17 20:54:58,682 - INFO - Segment data loaded successfully from segment_data.json
2024-11-17 20:54:58,693 - INFO - Successfully loaded segment data
2024-11-17 20:56:51,245 - INFO - Window initialization started
2024-11-17 20:57:04,166 - INFO - Starting audio processing for: D:/github/UwuBis/audio/krzys_audio\TAYLOR__Mechanika.wav
2024-11-17 20:57:04,166 - INFO - Starting audio processing for: D:/github/UwuBis/audio/krzys_audio\TAYLOR__Mechanika.wav
2024-11-17 20:57:04,170 - INFO - Audio file loaded: 1151488 samples, 44100Hz
2024-11-17 20:57:04,170 - INFO - Processing audio file...
2024-11-17 20:58:08,243 - INFO - Segment 1: ['piêknym', 'Przyk³adem', 'zastosowania', 'zasady', 'zachowania']
2024-11-17 20:58:08,243 - INFO - Segment 2: ['pêdu', 'jest', 'napêd', 'rakietowy', 'napêd']
2024-11-17 20:58:08,243 - INFO - Segment 3: ['taki', 'jest', 'rozwi¹zaniem', 'podstawowego', 'problemu']
2024-11-17 20:58:08,243 - INFO - Segment 4: ['jak', 'wprawiæ', 'Cia³o', 'w', 'ruch']
2024-11-17 20:58:08,244 - INFO - Segment 5: ['Jeœli', 'nie', 'ma', '¿adnego', 'zewnêtrznego']
2024-11-17 20:58:08,244 - INFO - Segment 6: ['elementu', 'od', 'którego', 'mog³oby', 'siê']
2024-11-17 20:58:08,244 - INFO - Segment 7: ['ono', 'odepchn¹æ', 'lub', 'który', 'móg³by']
2024-11-17 20:58:08,244 - INFO - Segment 8: ['cia³o', 'popchn¹æ', 'aby', 'lepiej', 'zrozumieæ']
2024-11-17 20:58:08,244 - INFO - Segment 9: ['tê', 'sytuacjê', 'czytelnik', 'powinien', 'sobie']
2024-11-17 20:58:08,244 - INFO - Segment 10: ['wyobraziæ', '¿e', 'stoi', 'na', 'œrodku']
2024-11-17 20:58:08,244 - INFO - Segment 11: ['idealnie', 'œliskiej', 'tafli', 'zamarzniêtego', 'jeziora']
2024-11-17 20:58:08,244 - INFO - Utworzono 11 segmentów po 5 s³ów
2024-11-17 20:58:10,883 - INFO - Segment data saved successfully to segment_data.json
2024-11-17 20:58:13,678 - INFO - Segment data saved successfully to segment_data.json
2024-11-17 20:58:13,691 - INFO - Successfully processed audio file. Found 11 segments
2024-11-17 20:58:14,219 - INFO - Segment data loaded successfully from segment_data.json
2024-11-17 20:58:14,231 - INFO - Successfully loaded segment data
2024-11-17 21:09:06,008 - INFO - Window initialization started
2024-11-17 21:09:16,793 - INFO - Starting audio processing for: D:/github/UwuBis/audio/krzys_audio\TAYLOR__Mechanika.wav
2024-11-17 21:09:43,451 - INFO - Created 11 segments of 5 words each
2024-11-17 21:09:43,451 - ERROR - Unexpected error during audio processing: 'AudioPreprocessor' object has no attribute 'segment_data_file'
2024-11-17 21:10:15,865 - INFO - Window initialization started
2024-11-17 21:10:31,018 - INFO - Starting automatic processing for folder: D:/github/UwuBis/audio/krzys_audio
2024-11-17 21:10:31,018 - INFO - Processing file: D:/github/UwuBis/audio/krzys_audio\audio1.wav
2024-11-17 21:10:33,324 - INFO - Created 1 segments of 5 words each
2024-11-17 21:10:33,324 - INFO - Processing file: D:/github/UwuBis/audio/krzys_audio\audio2.wav
2024-11-17 21:10:36,011 - INFO - Created 1 segments of 5 words each
2024-11-17 21:10:36,011 - INFO - Processing file: D:/github/UwuBis/audio/krzys_audio\lesmian1.wav
2024-11-17 21:11:17,522 - INFO - Created 12 segments of 5 words each
2024-11-17 21:11:17,522 - INFO - Processing file: D:/github/UwuBis/audio/krzys_audio\TAYLOR__Mechanika.wav
2024-11-17 21:14:56,122 - INFO - Window initialization started
2024-11-17 21:16:45,073 - INFO - Window initialization started
2024-11-17 21:16:54,375 - INFO - Starting audio processing for: D:/github/UwuBis/audio/krzys_audio\TAYLOR__Mechanika.wav
2024-11-17 21:17:15,056 - INFO - Created 11 segments of 5 words each
2024-11-17 21:17:15,056 - ERROR - Audio processing error: 'AUDIOLIB' object has no attribute 'segment_words_dict'
2024-11-17 21:20:23,973 - INFO - Window initialization started
2024-11-17 21:21:30,133 - INFO - Starting audio processing for: D:/github/UwuBis/audio/krzys_audio\TAYLOR__Mechanika.wav
2024-11-17 21:21:54,560 - INFO - Created 11 segments of 5 words each
2024-11-17 21:22:04,953 - INFO - Rozpoczêto nagrywanie
2024-11-17 21:22:15,494 - INFO - Zapisano wynik dla u¿ytkownika test
2024-11-17 21:28:50,500 - INFO - Window initialization started
2024-11-17 21:29:01,572 - INFO - Starting audio processing for: D:/github/UwuBis/audio/krzys_audio\TAYLOR__Mechanika.wav
2024-11-17 21:29:24,798 - INFO - Created 11 segments of 5 words each
2024-11-17 21:29:55,337 - INFO - Rozpoczêto nagrywanie
2024-11-17 21:30:00,128 - WARNING - Nie rozpoznano ¿adnych s³ów
2024-11-17 21:30:00,256 - INFO - Zapisano wynik dla u¿ytkownika test
2024-11-17 21:30:08,137 - INFO - Window initialization started
2024-11-17 21:30:17,593 - INFO - Starting audio processing for: D:/github/UwuBis/audio/krzys_audio\TAYLOR__Mechanika.wav
2024-11-17 21:30:34,467 - INFO - Created 11 segments of 5 words each
2024-11-17 21:31:33,220 - INFO - Rozpoczêto nagrywanie
2024-11-17 21:31:38,356 - INFO - Zapisano wynik dla u¿ytkownika test
2024-11-17 21:33:26,826 - INFO - Window initialization started
2024-11-17 21:33:38,816 - INFO - Starting audio processing for: D:/github/UwuBis/audio/krzys_audio\TAYLOR__Mechanika.wav
2024-11-17 21:34:05,884 - INFO - Created 11 segments of 5 words each
2024-11-17 21:34:16,719 - INFO - Rozpoczêto nagrywanie
2024-11-17 21:34:24,170 - WARNING - Nie rozpoznano ¿adnych s³ów
2024-11-17 21:34:24,281 - INFO - Zapisano wynik dla u¿ytkownika test
2024-11-17 21:43:11,697 - INFO - Window initialization started
2024-11-17 21:43:26,033 - INFO - Starting audio processing for: D:/github/UwuBis/audio/krzys_audio\TAYLOR__Mechanika.wav
2024-11-17 21:43:48,205 - INFO - Created 11 segments of 5 words each
2024-11-17 21:44:36,785 - INFO - Rozpoczêto nagrywanie
2024-11-17 21:44:41,280 - INFO - Zapisano wynik dla u¿ytkownika test
2024-11-17 21:47:28,297 - INFO - Window initialization started
2024-11-17 21:47:40,742 - INFO - Starting audio processing for: D:/github/UwuBis/audio/krzys_audio\TAYLOR__Mechanika.wav
2024-11-17 21:48:01,424 - INFO - Created 11 segments of 5 words each
2024-11-17 21:48:07,739 - INFO - Rozpoczêto nagrywanie
2024-11-17 21:48:13,735 - INFO - Zapisano wynik dla u¿ytkownika test
2024-11-17 21:48:21,181 - INFO - Rozpoczêto nagrywanie
2024-11-17 21:48:26,660 - INFO - Zapisano wynik dla u¿ytkownika test
2024-11-17 21:48:34,289 - INFO - Rozpoczêto nagrywanie
2024-11-17 21:48:45,426 - INFO - Zapisano wynik dla u¿ytkownika test
2024-11-17 21:48:48,551 - WARNING - Nie rozpoznano ¿adnych s³ów
2024-11-17 21:48:58,554 - INFO - Rozpoczêto nagrywanie
2024-11-17 21:49:03,455 - INFO - Zapisano wynik dla u¿ytkownika test
2024-11-17 22:09:43,779 - INFO - Window initialization started
2024-11-17 22:09:53,511 - INFO - Starting audio processing for: D:/github/UwuBis/audio/krzys_audio\TAYLOR__Mechanika.wav
2024-11-17 22:10:11,665 - INFO - Created 11 segments of 5 words each
2024-11-17 22:10:11,666 - ERROR - Audio processing error: 'AUDIOLIB' object has no attribute 'get_all_transcribed_words'
2024-11-17 22:51:45,165 - INFO - Window initialization started
2024-11-17 22:54:15,196 - INFO - Starting audio processing for: D:/github/UwuBis/audio/krzys_audio\TAYLOR__Mechanika.wav
2024-11-17 22:55:14,969 - INFO - Created 11 segments of 5 words each
2024-11-17 22:55:41,230 - INFO - Rozpoczêto nagrywanie
2024-11-17 22:55:48,652 - WARNING - Nie rozpoznano ¿adnych s³ów
2024-11-17 22:55:57,897 - INFO - Rozpoczêto nagrywanie
2024-11-17 22:56:06,032 - WARNING - Nie rozpoznano ¿adnych s³ów
2024-11-17 22:57:57,970 - INFO - Window initialization started
2024-11-17 22:58:08,874 - INFO - Starting audio processing for: D:/github/UwuBis/audio/krzys_audio\TAYLOR__Mechanika.wav
2024-11-17 22:58:37,740 - INFO - Created 11 segments of 5 words each
2024-11-17 22:58:49,644 - INFO - Rozpoczêto nagrywanie
2024-11-17 22:58:59,785 - WARNING - Nie rozpoznano ¿adnych s³ów
2024-11-17 22:59:01,461 - INFO - Zapisano wynik dla u¿ytkownika test
2024-11-17 22:59:45,442 - INFO - Rozpoczêto nagrywanie
2024-11-17 22:59:54,278 - WARNING - Nie rozpoznano ¿adnych s³ów
2024-11-17 22:59:54,331 - INFO - Zapisano wynik dla u¿ytkownika test
2024-11-17 23:00:18,185 - INFO - Window initialization started
2024-11-17 23:00:29,193 - INFO - Starting audio processing for: D:/github/UwuBis/audio/krzys_audio\TAYLOR__Mechanika.wav
2024-11-17 23:00:48,438 - INFO - Created 11 segments of 5 words each
2024-11-17 23:02:50,298 - INFO - Rozpoczêto nagrywanie
2024-11-17 23:02:57,899 - WARNING - Nie rozpoznano ¿adnych s³ów
2024-11-17 23:02:58,349 - INFO - Zapisano wynik dla u¿ytkownika test
2024-11-17 23:09:31,716 - INFO - Window initialization started
2024-11-17 23:10:36,105 - INFO - Window initialization started
2024-11-17 23:10:44,581 - INFO - Starting audio processing for: D:/github/UwuBis/audio/krzys_audio\TAYLOR__Mechanika.wav
2024-11-17 23:11:18,192 - INFO - Created 11 segments of 5 words each
2024-11-17 23:12:23,414 - INFO - Rozpoczêto nagrywanie
2024-11-17 23:12:50,524 - WARNING - Nie rozpoznano ¿adnych s³ów
2024-11-17 23:12:50,948 - INFO - Zapisano wynik dla u¿ytkownika test
